11/1/2018 10:48:07 PM	This log contains information about the import schema operation into project 'SQLFromExisting' on computer 'DESKTOP-96O29KV' by user 'Tim'.
11/1/2018 10:48:07 PM	Import of database schema has started.
11/1/2018 10:48:11 PM	Gathering database credentials
11/1/2018 10:48:11 PM	Gathering database options
11/1/2018 10:48:11 PM	Gathering users
11/1/2018 10:48:11 PM	Gathering roles
11/1/2018 10:48:11 PM	Gathering application roles
11/1/2018 10:48:11 PM	Gathering role memberships
11/1/2018 10:48:11 PM	Gathering filegroups
11/1/2018 10:48:11 PM	Gathering full-text catalogs
11/1/2018 10:48:11 PM	Gathering assemblies
11/1/2018 10:48:11 PM	Gathering certificates
11/1/2018 10:48:11 PM	Gathering asymmetric keys
11/1/2018 10:48:11 PM	Gathering symmetric keys
11/1/2018 10:48:11 PM	Gathering encrypted symmetric keys
11/1/2018 10:48:11 PM	Gathering schemas
11/1/2018 10:48:11 PM	Gathering XML schema collections
11/1/2018 10:48:11 PM	Gathering user-defined data types
11/1/2018 10:48:11 PM	Gathering user-defined types
11/1/2018 10:48:11 PM	Gathering table types
11/1/2018 10:48:11 PM	Gathering unique keys for table types
11/1/2018 10:48:11 PM	Gathering primary keys for table types
11/1/2018 10:48:11 PM	Gathering indexes for table types
11/1/2018 10:48:11 PM	Gathering check constraints for table types
11/1/2018 10:48:11 PM	Gathering default constraints for table types
11/1/2018 10:48:11 PM	Gathering partition functions
11/1/2018 10:48:11 PM	Gathering partition schemes
11/1/2018 10:48:11 PM	Gathering functions
11/1/2018 10:48:11 PM	Gathering encrypted functions
11/1/2018 10:48:11 PM	Gathering aggregates
11/1/2018 10:48:11 PM	Gathering procedures
11/1/2018 10:48:11 PM	Gathering encrypted procedures
11/1/2018 10:48:11 PM	Gathering tables
11/1/2018 10:48:11 PM	Gathering primary keys
11/1/2018 10:48:11 PM	Gathering unique constraints
11/1/2018 10:48:11 PM	Gathering foreign keys
11/1/2018 10:48:11 PM	Gathering default constraints
11/1/2018 10:48:11 PM	Gathering check constraints
11/1/2018 10:48:11 PM	Gathering views
11/1/2018 10:48:11 PM	Gathering encrypted views
11/1/2018 10:48:11 PM	Gathering indexes
11/1/2018 10:48:11 PM	Gathering statistics
11/1/2018 10:48:11 PM	Gathering full-text index stoplists
11/1/2018 10:48:11 PM	Gathering search property lists
11/1/2018 10:48:11 PM	Gathering search properties
11/1/2018 10:48:11 PM	Gathering full-text indexes
11/1/2018 10:48:11 PM	Gathering column store indexes
11/1/2018 10:48:11 PM	Gathering spatial indexes
11/1/2018 10:48:11 PM	Gathering XML indexes
11/1/2018 10:48:11 PM	Gathering Selective XML indexes
11/1/2018 10:48:11 PM	Gathering encrypted triggers
11/1/2018 10:48:11 PM	Gathering triggers
11/1/2018 10:48:11 PM	Gathering encrypted and clr ddl triggers
11/1/2018 10:48:11 PM	Gathering ddl triggers
11/1/2018 10:48:11 PM	Gathering synonyms
11/1/2018 10:48:11 PM	Gathering defaults
11/1/2018 10:48:11 PM	Gathering data constraint uddt bindings
11/1/2018 10:48:11 PM	Gathering rules
11/1/2018 10:48:11 PM	Gathering data constraint uddt bindings
11/1/2018 10:48:11 PM	Gathering message types
11/1/2018 10:48:11 PM	Gathering queues
11/1/2018 10:48:11 PM	Gathering contracts
11/1/2018 10:48:11 PM	Gathering services
11/1/2018 10:48:11 PM	Gathering event notifications
11/1/2018 10:48:11 PM	Gathering remote service bindings
11/1/2018 10:48:11 PM	Gathering broker priorities
11/1/2018 10:48:11 PM	Gathering signatures
11/1/2018 10:48:11 PM	Gathering data compression options
11/1/2018 10:48:11 PM	Gathering sequence types
11/1/2018 10:48:11 PM	Gathering security policies
11/1/2018 10:48:11 PM	Gather column encryption keys
11/1/2018 10:48:11 PM	Gathering column master keys
11/1/2018 10:48:11 PM	Gathering external data sources
11/1/2018 10:48:11 PM	Gathering external file formats
11/1/2018 10:48:11 PM	Gathering external tables
11/1/2018 10:48:11 PM	Gathering extended properties
11/1/2018 10:48:11 PM	Gathering credentials
11/1/2018 10:48:11 PM	Gathering logins
11/1/2018 10:48:11 PM	Gathering server audits
11/1/2018 10:48:11 PM	Scanning project for duplicate elements
11/1/2018 10:48:11 PM	Finished duplicate element processing
11/1/2018 10:48:11 PM	Finished importing database.
11/1/2018 10:48:11 PM	A summary of the import was saved to the following location: e:\temp\demos\SQLDatabaseProjectDemo\SQLFromExisting\Import Schema Logs\SQLFromExisting_20181102024807.log
11/1/2018 10:48:11 PM	Click Finish to continue...
